# JRE version: OpenJDK Runtime Environment (8.0_76-b03) (build 1.8.0_76-release-b03)
# Java VM: OpenJDK 64-Bit Server VM (25.76-b03 mixed mode windows-amd64 compressed oops)
Heap:
 PSYoungGen      total 135168K, used 131368K [0x00000000e0000000, 0x00000000e9000000, 0x0000000100000000)
  eden space 123392K, 97% used [0x00000000e0000000,0x00000000e75e51a8,0x00000000e7880000)
  from space 11776K, 90% used [0x00000000e7880000,0x00000000e82e5120,0x00000000e8400000)
  to   space 11264K, 0% used [0x00000000e8400000,0x00000000e8400000,0x00000000e8f00000)
 ParOldGen       total 53248K, used 15788K [0x00000000a0000000, 0x00000000a3400000, 0x00000000e0000000)
  object space 53248K, 29% used [0x00000000a0000000,0x00000000a0f6b3e0,0x00000000a3400000)
 Metaspace       used 43424K, capacity 44292K, committed 44720K, reserved 1087488K
  class space    used 5720K, capacity 5948K, committed 6064K, reserved 1048576K
GC Heap History (10 events):
Event: 16.875 GC heap before
{Heap before GC invocations=15 (full 2):
 PSYoungGen      total 85504K, used 76800K [0x00000000e0000000, 0x00000000e6280000, 0x0000000100000000)
  eden space 76800K, 100% used [0x00000000e0000000,0x00000000e4b00000,0x00000000e4b00000)
  from space 8704K, 0% used [0x00000000e5400000,0x00000000e5400000,0x00000000e5c80000)
  to   space 9216K, 0% used [0x00000000e4b00000,0x00000000e4b00000,0x00000000e5400000)
 ParOldGen       total 53248K, used 15692K [0x00000000a0000000, 0x00000000a3400000, 0x00000000e0000000)
  object space 53248K, 29% used [0x00000000a0000000,0x00000000a0f533d0,0x00000000a3400000)
 Metaspace       used 41273K, capacity 42082K, committed 42416K, reserved 1085440K
  class space    used 5518K, capacity 5733K, committed 5808K, reserved 1048576K
Event: 16.884 GC heap after
Heap after GC invocations=15 (full 2):
 PSYoungGen      total 86016K, used 7360K [0x00000000e0000000, 0x00000000e7500000, 0x0000000100000000)
  eden space 76800K, 0% used [0x00000000e0000000,0x00000000e0000000,0x00000000e4b00000)
  from space 9216K, 79% used [0x00000000e4b00000,0x00000000e52303e0,0x00000000e5400000)
  to   space 9728K, 0% used [0x00000000e6b80000,0x00000000e6b80000,0x00000000e7500000)
 ParOldGen       total 53248K, used 15764K [0x00000000a0000000, 0x00000000a3400000, 0x00000000e0000000)
  object space 53248K, 29% used [0x00000000a0000000,0x00000000a0f653e0,0x00000000a3400000)
 Metaspace       used 41273K, capacity 42082K, committed 42416K, reserved 1085440K
  class space    used 5518K, capacity 5733K, committed 5808K, reserved 1048576K
}
Event: 19.612 GC heap before
{Heap before GC invocations=16 (full 2):
 PSYoungGen      total 86016K, used 84160K [0x00000000e0000000, 0x00000000e7500000, 0x0000000100000000)
  eden space 76800K, 100% used [0x00000000e0000000,0x00000000e4b00000,0x00000000e4b00000)
  from space 9216K, 79% used [0x00000000e4b00000,0x00000000e52303e0,0x00000000e5400000)
  to   space 9728K, 0% used [0x00000000e6b80000,0x00000000e6b80000,0x00000000e7500000)
 ParOldGen       total 53248K, used 15764K [0x00000000a0000000, 0x00000000a3400000, 0x00000000e0000000)
  object space 53248K, 29% used [0x00000000a0000000,0x00000000a0f653e0,0x00000000a3400000)
 Metaspace       used 41548K, capacity 42356K, committed 42672K, reserved 1085440K
  class space    used 5521K, capacity 5736K, committed 5808K, reserved 1048576K
Event: 19.622 GC heap after
Heap after GC invocations=16 (full 2):
 PSYoungGen      total 107008K, used 8488K [0x00000000e0000000, 0x00000000e7400000, 0x0000000100000000)
  eden space 98304K, 0% used [0x00000000e0000000,0x00000000e0000000,0x00000000e6000000)
  from space 8704K, 97% used [0x00000000e6b80000,0x00000000e73ca010,0x00000000e7400000)
  to   space 10240K, 0% used [0x00000000e6000000,0x00000000e6000000,0x00000000e6a00000)
 ParOldGen       total 53248K, used 15764K [0x00000000a0000000, 0x00000000a3400000, 0x00000000e0000000)
  object space 53248K, 29% used [0x00000000a0000000,0x00000000a0f653e0,0x00000000a3400000)
 Metaspace       used 41548K, capacity 42356K, committed 42672K, reserved 1085440K
  class space    used 5521K, capacity 5736K, committed 5808K, reserved 1048576K
}
Event: 21.341 GC heap before
{Heap before GC invocations=17 (full 2):
 PSYoungGen      total 107008K, used 106792K [0x00000000e0000000, 0x00000000e7400000, 0x0000000100000000)
  eden space 98304K, 100% used [0x00000000e0000000,0x00000000e6000000,0x00000000e6000000)
  from space 8704K, 97% used [0x00000000e6b80000,0x00000000e73ca010,0x00000000e7400000)
  to   space 10240K, 0% used [0x00000000e6000000,0x00000000e6000000,0x00000000e6a00000)
 ParOldGen       total 53248K, used 15764K [0x00000000a0000000, 0x00000000a3400000, 0x00000000e0000000)
  object space 53248K, 29% used [0x00000000a0000000,0x00000000a0f653e0,0x00000000a3400000)
 Metaspace       used 41653K, capacity 42450K, committed 42672K, reserved 1085440K
  class space    used 5524K, capacity 5741K, committed 5808K, reserved 1048576K
Event: 21.350 GC heap after
Heap after GC invocations=17 (full 2):
 PSYoungGen      total 108544K, used 8988K [0x00000000e0000000, 0x00000000e8f00000, 0x0000000100000000)
  eden space 98304K, 0% used [0x00000000e0000000,0x00000000e0000000,0x00000000e6000000)
  from space 10240K, 87% used [0x00000000e6000000,0x00000000e68c7340,0x00000000e6a00000)
  to   space 11264K, 0% used [0x00000000e8400000,0x00000000e8400000,0x00000000e8f00000)
 ParOldGen       total 53248K, used 15772K [0x00000000a0000000, 0x00000000a3400000, 0x00000000e0000000)
  object space 53248K, 29% used [0x00000000a0000000,0x00000000a0f673e0,0x00000000a3400000)
 Metaspace       used 41653K, capacity 42450K, committed 42672K, reserved 1085440K
  class space    used 5524K, capacity 5741K, committed 5808K, reserved 1048576K
}
Event: 22.263 GC heap before
{Heap before GC invocations=18 (full 2):
 PSYoungGen      total 108544K, used 107292K [0x00000000e0000000, 0x00000000e8f00000, 0x0000000100000000)
  eden space 98304K, 100% used [0x00000000e0000000,0x00000000e6000000,0x00000000e6000000)
  from space 10240K, 87% used [0x00000000e6000000,0x00000000e68c7340,0x00000000e6a00000)
  to   space 11264K, 0% used [0x00000000e8400000,0x00000000e8400000,0x00000000e8f00000)
 ParOldGen       total 53248K, used 15772K [0x00000000a0000000, 0x00000000a3400000, 0x00000000e0000000)
  object space 53248K, 29% used [0x00000000a0000000,0x00000000a0f673e0,0x00000000a3400000)
 Metaspace       used 41823K, capacity 42658K, committed 42928K, reserved 1087488K
  class space    used 5534K, capacity 5743K, committed 5808K, reserved 1048576K
Event: 22.273 GC heap after
Heap after GC invocations=18 (full 2):
 PSYoungGen      total 134656K, used 9397K [0x00000000e0000000, 0x00000000e9000000, 0x0000000100000000)
  eden space 123392K, 0% used [0x00000000e0000000,0x00000000e0000000,0x00000000e7880000)
  from space 11264K, 83% used [0x00000000e8400000,0x00000000e8d2d710,0x00000000e8f00000)
  to   space 11776K, 0% used [0x00000000e7880000,0x00000000e7880000,0x00000000e8400000)
 ParOldGen       total 53248K, used 15780K [0x00000000a0000000, 0x00000000a3400000, 0x00000000e0000000)
  object space 53248K, 29% used [0x00000000a0000000,0x00000000a0f693e0,0x00000000a3400000)
 Metaspace       used 41823K, capacity 42658K, committed 42928K, reserved 1087488K
  class space    used 5534K, capacity 5743K, committed 5808K, reserved 1048576K
}
Event: 23.254 GC heap before
{Heap before GC invocations=19 (full 2):
 PSYoungGen      total 134656K, used 132789K [0x00000000e0000000, 0x00000000e9000000, 0x0000000100000000)
  eden space 123392K, 100% used [0x00000000e0000000,0x00000000e7880000,0x00000000e7880000)
  from space 11264K, 83% used [0x00000000e8400000,0x00000000e8d2d710,0x00000000e8f00000)
  to   space 11776K, 0% used [0x00000000e7880000,0x00000000e7880000,0x00000000e8400000)
 ParOldGen       total 53248K, used 15780K [0x00000000a0000000, 0x00000000a3400000, 0x00000000e0000000)
  object space 53248K, 29% used [0x00000000a0000000,0x00000000a0f693e0,0x00000000a3400000)
 Metaspace       used 41920K, capacity 42728K, committed 42928K, reserved 1087488K
  class space    used 5534K, capacity 5744K, committed 5808K, reserved 1048576K
Event: 23.265 GC heap after
Heap after GC invocations=19 (full 2):
 PSYoungGen      total 135168K, used 10644K [0x00000000e0000000, 0x00000000e9000000, 0x0000000100000000)
  eden space 123392K, 0% used [0x00000000e0000000,0x00000000e0000000,0x00000000e7880000)
  from space 11776K, 90% used [0x00000000e7880000,0x00000000e82e5120,0x00000000e8400000)
  to   space 11264K, 0% used [0x00000000e8400000,0x00000000e8400000,0x00000000e8f00000)
 ParOldGen       total 53248K, used 15788K [0x00000000a0000000, 0x00000000a3400000, 0x00000000e0000000)
  object space 53248K, 29% used [0x00000000a0000000,0x00000000a0f6b3e0,0x00000000a3400000)
 Metaspace       used 41920K, capacity 42728K, committed 42928K, reserved 1087488K
  class space    used 5534K, capacity 5744K, committed 5808K, reserved 1048576K
}

