# JRE version: OpenJDK Runtime Environment (8.0_76-b03) (build 1.8.0_76-release-b03)
# Java VM: OpenJDK 64-Bit Server VM (25.76-b03 mixed mode windows-amd64 compressed oops)
Heap:
 PSYoungGen      total 164864K, used 12981K [0x00000000e0000000, 0x00000000eae80000, 0x0000000100000000)
  eden space 158208K, 4% used [0x00000000e0000000,0x00000000e062f1f0,0x00000000e9a80000)
  from space 6656K, 99% used [0x00000000ea800000,0x00000000eae7e5c8,0x00000000eae80000)
  to   space 10240K, 0% used [0x00000000e9a80000,0x00000000e9a80000,0x00000000ea480000)
 ParOldGen       total 43520K, used 21563K [0x00000000a0000000, 0x00000000a2a80000, 0x00000000e0000000)
  object space 43520K, 49% used [0x00000000a0000000,0x00000000a150efc0,0x00000000a2a80000)
 Metaspace       used 43268K, capacity 44100K, committed 44464K, reserved 1087488K
  class space    used 5702K, capacity 5948K, committed 6064K, reserved 1048576K
GC Heap History (10 events):
Event: 20.763 GC heap before
{Heap before GC invocations=14 (full 2):
 PSYoungGen      total 121856K, used 1679K [0x00000000e0000000, 0x00000000e8900000, 0x0000000100000000)
  eden space 112640K, 0% used [0x00000000e0000000,0x00000000e0000000,0x00000000e6e00000)
  from space 9216K, 18% used [0x00000000e7700000,0x00000000e78a3cc0,0x00000000e8000000)
  to   space 9216K, 0% used [0x00000000e6e00000,0x00000000e6e00000,0x00000000e7700000)
 ParOldGen       total 31744K, used 14985K [0x00000000a0000000, 0x00000000a1f00000, 0x00000000e0000000)
  object space 31744K, 47% used [0x00000000a0000000,0x00000000a0ea27d0,0x00000000a1f00000)
 Metaspace       used 34669K, capacity 35210K, committed 35496K, reserved 1079296K
  class space    used 4646K, capacity 4818K, committed 4912K, reserved 1048576K
Event: 20.856 GC heap after
Heap after GC invocations=14 (full 2):
 PSYoungGen      total 121856K, used 0K [0x00000000e0000000, 0x00000000e8900000, 0x0000000100000000)
  eden space 112640K, 0% used [0x00000000e0000000,0x00000000e0000000,0x00000000e6e00000)
  from space 9216K, 0% used [0x00000000e7700000,0x00000000e7700000,0x00000000e8000000)
  to   space 9216K, 0% used [0x00000000e6e00000,0x00000000e6e00000,0x00000000e7700000)
 ParOldGen       total 43520K, used 14938K [0x00000000a0000000, 0x00000000a2a80000, 0x00000000e0000000)
  object space 43520K, 34% used [0x00000000a0000000,0x00000000a0e96bc0,0x00000000a2a80000)
 Metaspace       used 34669K, capacity 35210K, committed 35496K, reserved 1079296K
  class space    used 4646K, capacity 4818K, committed 4912K, reserved 1048576K
}
Event: 31.860 GC heap before
{Heap before GC invocations=15 (full 2):
 PSYoungGen      total 121856K, used 112640K [0x00000000e0000000, 0x00000000e8900000, 0x0000000100000000)
  eden space 112640K, 100% used [0x00000000e0000000,0x00000000e6e00000,0x00000000e6e00000)
  from space 9216K, 0% used [0x00000000e7700000,0x00000000e7700000,0x00000000e8000000)
  to   space 9216K, 0% used [0x00000000e6e00000,0x00000000e6e00000,0x00000000e7700000)
 ParOldGen       total 43520K, used 14938K [0x00000000a0000000, 0x00000000a2a80000, 0x00000000e0000000)
  object space 43520K, 34% used [0x00000000a0000000,0x00000000a0e96bc0,0x00000000a2a80000)
 Metaspace       used 41402K, capacity 42216K, committed 42672K, reserved 1085440K
  class space    used 5518K, capacity 5734K, committed 5808K, reserved 1048576K
Event: 31.870 GC heap after
Heap after GC invocations=15 (full 2):
 PSYoungGen      total 121856K, used 8959K [0x00000000e0000000, 0x00000000eb280000, 0x0000000100000000)
  eden space 112640K, 0% used [0x00000000e0000000,0x00000000e0000000,0x00000000e6e00000)
  from space 9216K, 97% used [0x00000000e6e00000,0x00000000e76bfda8,0x00000000e7700000)
  to   space 10752K, 0% used [0x00000000ea800000,0x00000000ea800000,0x00000000eb280000)
 ParOldGen       total 43520K, used 15010K [0x00000000a0000000, 0x00000000a2a80000, 0x00000000e0000000)
  object space 43520K, 34% used [0x00000000a0000000,0x00000000a0ea8bd0,0x00000000a2a80000)
 Metaspace       used 41402K, capacity 42216K, committed 42672K, reserved 1085440K
  class space    used 5518K, capacity 5734K, committed 5808K, reserved 1048576K
}
Event: 35.663 GC heap before
{Heap before GC invocations=16 (full 2):
 PSYoungGen      total 121856K, used 121599K [0x00000000e0000000, 0x00000000eb280000, 0x0000000100000000)
  eden space 112640K, 100% used [0x00000000e0000000,0x00000000e6e00000,0x00000000e6e00000)
  from space 9216K, 97% used [0x00000000e6e00000,0x00000000e76bfda8,0x00000000e7700000)
  to   space 10752K, 0% used [0x00000000ea800000,0x00000000ea800000,0x00000000eb280000)
 ParOldGen       total 43520K, used 15010K [0x00000000a0000000, 0x00000000a2a80000, 0x00000000e0000000)
  object space 43520K, 34% used [0x00000000a0000000,0x00000000a0ea8bd0,0x00000000a2a80000)
 Metaspace       used 41595K, capacity 42386K, committed 42672K, reserved 1085440K
  class space    used 5523K, capacity 5741K, committed 5808K, reserved 1048576K
Event: 35.677 GC heap after
Heap after GC invocations=16 (full 2):
 PSYoungGen      total 164864K, used 4859K [0x00000000e0000000, 0x00000000eae80000, 0x0000000100000000)
  eden space 158208K, 0% used [0x00000000e0000000,0x00000000e0000000,0x00000000e9a80000)
  from space 6656K, 73% used [0x00000000ea800000,0x00000000eacbec30,0x00000000eae80000)
  to   space 10240K, 0% used [0x00000000e9a80000,0x00000000e9a80000,0x00000000ea480000)
 ParOldGen       total 43520K, used 20229K [0x00000000a0000000, 0x00000000a2a80000, 0x00000000e0000000)
  object space 43520K, 46% used [0x00000000a0000000,0x00000000a13c14a8,0x00000000a2a80000)
 Metaspace       used 41595K, capacity 42386K, committed 42672K, reserved 1085440K
  class space    used 5523K, capacity 5741K, committed 5808K, reserved 1048576K
}
Event: 38.031 GC heap before
{Heap before GC invocations=17 (full 2):
 PSYoungGen      total 164864K, used 163067K [0x00000000e0000000, 0x00000000eae80000, 0x0000000100000000)
  eden space 158208K, 100% used [0x00000000e0000000,0x00000000e9a80000,0x00000000e9a80000)
  from space 6656K, 73% used [0x00000000ea800000,0x00000000eacbec30,0x00000000eae80000)
  to   space 10240K, 0% used [0x00000000e9a80000,0x00000000e9a80000,0x00000000ea480000)
 ParOldGen       total 43520K, used 20229K [0x00000000a0000000, 0x00000000a2a80000, 0x00000000e0000000)
  object space 43520K, 46% used [0x00000000a0000000,0x00000000a13c14a8,0x00000000a2a80000)
 Metaspace       used 41868K, capacity 42722K, committed 42928K, reserved 1087488K
  class space    used 5532K, capacity 5743K, committed 5808K, reserved 1048576K
Event: 38.037 GC heap after
Heap after GC invocations=17 (full 2):
 PSYoungGen      total 168448K, used 7107K [0x00000000e0000000, 0x00000000eae80000, 0x0000000100000000)
  eden space 158208K, 0% used [0x00000000e0000000,0x00000000e0000000,0x00000000e9a80000)
  from space 10240K, 69% used [0x00000000e9a80000,0x00000000ea170de0,0x00000000ea480000)
  to   space 6656K, 0% used [0x00000000ea800000,0x00000000ea800000,0x00000000eae80000)
 ParOldGen       total 43520K, used 20472K [0x00000000a0000000, 0x00000000a2a80000, 0x00000000e0000000)
  object space 43520K, 47% used [0x00000000a0000000,0x00000000a13fe0d8,0x00000000a2a80000)
 Metaspace       used 41868K, capacity 42722K, committed 42928K, reserved 1087488K
  class space    used 5532K, capacity 5743K, committed 5808K, reserved 1048576K
}
Event: 47.278 GC heap before
{Heap before GC invocations=18 (full 2):
 PSYoungGen      total 168448K, used 165315K [0x00000000e0000000, 0x00000000eae80000, 0x0000000100000000)
  eden space 158208K, 100% used [0x00000000e0000000,0x00000000e9a80000,0x00000000e9a80000)
  from space 10240K, 69% used [0x00000000e9a80000,0x00000000ea170de0,0x00000000ea480000)
  to   space 6656K, 0% used [0x00000000ea800000,0x00000000ea800000,0x00000000eae80000)
 ParOldGen       total 43520K, used 20472K [0x00000000a0000000, 0x00000000a2a80000, 0x00000000e0000000)
  object space 43520K, 47% used [0x00000000a0000000,0x00000000a13fe0d8,0x00000000a2a80000)
 Metaspace       used 43192K, capacity 44068K, committed 44336K, reserved 1087488K
  class space    used 5695K, capacity 5916K, committed 5936K, reserved 1048576K
Event: 47.286 GC heap after
Heap after GC invocations=18 (full 2):
 PSYoungGen      total 164864K, used 6649K [0x00000000e0000000, 0x00000000eae80000, 0x0000000100000000)
  eden space 158208K, 0% used [0x00000000e0000000,0x00000000e0000000,0x00000000e9a80000)
  from space 6656K, 99% used [0x00000000ea800000,0x00000000eae7e5c8,0x00000000eae80000)
  to   space 10240K, 0% used [0x00000000e9a80000,0x00000000e9a80000,0x00000000ea480000)
 ParOldGen       total 43520K, used 21563K [0x00000000a0000000, 0x00000000a2a80000, 0x00000000e0000000)
  object space 43520K, 49% used [0x00000000a0000000,0x00000000a150efc0,0x00000000a2a80000)
 Metaspace       used 43192K, capacity 44068K, committed 44336K, reserved 1087488K
  class space    used 5695K, capacity 5916K, committed 5936K, reserved 1048576K
}

